
Status Code of Get Event details by ID: 200
Response : {"id":1247,"languageId":1,"sponsorId":432,"sponsorName":"Bolthouse Farms®","slug":"double-chocolate-chickpea-flour-cookies","name":"Biscuits Lorem","description":"We use coockies to personalise content and ads, to provide social media features and to analyse our traffic .We also share information about your use of our site with our social media,advertising and analytics partners who may combine it with other information that you have provided to them or that they have collected from your use of their services. Another thing is  good in  health point of you. Nice one don't miss its","summary":"This website uses Cookies","website":"http://bolthouse.com","displayLimit":1000,"displayName":"Bolthouse Farms® Biscuits Lorem","customVariables":{"Attributes.Event_applicationEnds":"Thursday, July 9"},"discussionCount":5,"likeCount":4,"forceAddressVerification":false,"sendSelectionNotification":true,"forceChildrenVerification":false,"featuredStart":null,"featuredEnd":null,"created":"2022-02-05 23:17:56","modified":"2022-11-11 04:53:56","categories":[],"community":{"id":432,"name":"Bolthouse Farms®"},"heroPlayList":{"id":8046,"autoPlay":true,"mediaUrl":null,"assets":[{"assetId":null,"basename":"Cookies.png","mimeType":"image/png","type":"Image","url":null,"thumbnailUrl":null,"hlsPlaylistUrl":"https://stg-media.ripplestreet.com/basset/dc42555766b513af37d71ea039295206/original/Cookies.png","mp4Url":null,"webmUrl":null},{"assetId":null,"basename":"FOUR STROKE.jpg","mimeType":"image/jpeg","type":"Image","url":null,"thumbnailUrl":null,"hlsPlaylistUrl":"https://stg-media.ripplestreet.com/basset/f4776ae3cc5224eb26e30c52a02458f8/original/FOUR STROKE.jpg","mp4Url":null,"webmUrl":null}]},"eventData":{"hashtag":"just","partyPackName":"Test Pack"},"partyDateRange":"November 28 - November 28","postTrailEnds":null,"numApplicants":328,"experienceDateEnds":"Wednesday, November 30","bannerUrl":null,"active":true,"virtual":false,"template":false,"listed":true,"aampp":false,"chatterbox":false,"featured":false,"discoverable":true,"ongoing":true,"adultOnly":false,"deleted":false}
Current_Date_Time 2022-11-24 15:06:40
____________________   RS API AUTOMATION COMPLETED  _______________________ 

Status Code of Get Event details by ID: 200
Response : {"id":1247,"languageId":1,"sponsorId":432,"sponsorName":"Bolthouse Farms®","slug":"double-chocolate-chickpea-flour-cookies","name":"Biscuits Lorem","description":"We use coockies to personalise content and ads, to provide social media features and to analyse our traffic .We also share information about your use of our site with our social media,advertising and analytics partners who may combine it with other information that you have provided to them or that they have collected from your use of their services. Another thing is  good in  health point of you. Nice one don't miss its","summary":"This website uses Cookies","website":"http://bolthouse.com","displayLimit":1000,"displayName":"Bolthouse Farms® Biscuits Lorem","customVariables":{"Attributes.Event_applicationEnds":"Thursday, July 9"},"discussionCount":5,"likeCount":4,"forceAddressVerification":false,"sendSelectionNotification":true,"forceChildrenVerification":false,"featuredStart":null,"featuredEnd":null,"created":"2022-02-05 23:17:56","modified":"2022-11-11 04:53:56","categories":[],"community":{"id":432,"name":"Bolthouse Farms®"},"heroPlayList":{"id":8046,"autoPlay":true,"mediaUrl":null,"assets":[{"assetId":null,"basename":"Cookies.png","mimeType":"image/png","type":"Image","url":null,"thumbnailUrl":null,"hlsPlaylistUrl":"https://stg-media.ripplestreet.com/basset/dc42555766b513af37d71ea039295206/original/Cookies.png","mp4Url":null,"webmUrl":null},{"assetId":null,"basename":"FOUR STROKE.jpg","mimeType":"image/jpeg","type":"Image","url":null,"thumbnailUrl":null,"hlsPlaylistUrl":"https://stg-media.ripplestreet.com/basset/f4776ae3cc5224eb26e30c52a02458f8/original/FOUR STROKE.jpg","mp4Url":null,"webmUrl":null}]},"eventData":{"hashtag":"just","partyPackName":"Test Pack"},"partyDateRange":"November 28 - November 28","postTrailEnds":null,"numApplicants":328,"experienceDateEnds":"Wednesday, November 30","bannerUrl":null,"active":true,"virtual":false,"template":false,"listed":true,"aampp":false,"chatterbox":false,"featured":false,"discoverable":true,"ongoing":true,"adultOnly":false,"deleted":false}
java.lang.ClassCastException: class org.json.simple.JSONObject cannot be cast to class org.json.JSONObject (org.json.simple.JSONObject and org.json.JSONObject are in unnamed module of loader 'app')
	at PageObjects.RSAPI.GetEventDetailsByID(RSAPI.java:118)
	at StepDefinition.RSAPITesting.Verify_the_get_events_details_by_ID(RSAPITesting.java:39)
	at java.base/jdk.internal.reflect.NativeMethodAccessorImpl.invoke0(Native Method)
	at java.base/jdk.internal.reflect.NativeMethodAccessorImpl.invoke(NativeMethodAccessorImpl.java:78)
	at java.base/jdk.internal.reflect.DelegatingMethodAccessorImpl.invoke(DelegatingMethodAccessorImpl.java:43)
	at java.base/java.lang.reflect.Method.invoke(Method.java:567)
	at io.cucumber.java.Invoker.doInvoke(Invoker.java:66)
	at io.cucumber.java.Invoker.invoke(Invoker.java:24)
	at io.cucumber.java.AbstractGlueDefinition.invokeMethod(AbstractGlueDefinition.java:47)
	at io.cucumber.java.JavaStepDefinition.execute(JavaStepDefinition.java:29)
	at io.cucumber.core.runner.CoreStepDefinition.execute(CoreStepDefinition.java:66)
	at io.cucumber.core.runner.PickleStepDefinitionMatch.runStep(PickleStepDefinitionMatch.java:63)
	at io.cucumber.core.runner.ExecutionMode$1.execute(ExecutionMode.java:10)
	at io.cucumber.core.runner.TestStep.executeStep(TestStep.java:85)
	at io.cucumber.core.runner.TestStep.run(TestStep.java:57)
	at io.cucumber.core.runner.PickleStepTestStep.run(PickleStepTestStep.java:51)
	at io.cucumber.core.runner.TestCase.run(TestCase.java:84)
	at io.cucumber.core.runner.Runner.runPickle(Runner.java:75)
	at io.cucumber.junit.PickleRunners$NoStepDescriptions.lambda$run$0(PickleRunners.java:151)
	at io.cucumber.core.runtime.CucumberExecutionContext.lambda$runTestCase$5(CucumberExecutionContext.java:129)
	at io.cucumber.core.runtime.RethrowingThrowableCollector.executeAndThrow(RethrowingThrowableCollector.java:23)
	at io.cucumber.core.runtime.CucumberExecutionContext.runTestCase(CucumberExecutionContext.java:129)
	at io.cucumber.junit.PickleRunners$NoStepDescriptions.run(PickleRunners.java:148)
	at io.cucumber.junit.FeatureRunner.runChild(FeatureRunner.java:144)
	at io.cucumber.junit.FeatureRunner.runChild(FeatureRunner.java:28)
	at org.junit.runners.ParentRunner$4.run(ParentRunner.java:331)
	at org.junit.runners.ParentRunner$1.schedule(ParentRunner.java:79)
	at org.junit.runners.ParentRunner.runChildren(ParentRunner.java:329)
	at org.junit.runners.ParentRunner.access$100(ParentRunner.java:66)
	at org.junit.runners.ParentRunner$2.evaluate(ParentRunner.java:293)
	at org.junit.runners.ParentRunner$3.evaluate(ParentRunner.java:306)
	at org.junit.runners.ParentRunner.run(ParentRunner.java:413)
	at io.cucumber.junit.FeatureRunner.run(FeatureRunner.java:137)
	at io.cucumber.junit.Cucumber.runChild(Cucumber.java:196)
	at io.cucumber.junit.Cucumber.runChild(Cucumber.java:89)
	at org.junit.runners.ParentRunner$4.run(ParentRunner.java:331)
	at org.junit.runners.ParentRunner$1.schedule(ParentRunner.java:79)
	at org.junit.runners.ParentRunner.runChildren(ParentRunner.java:329)
	at org.junit.runners.ParentRunner.access$100(ParentRunner.java:66)
	at org.junit.runners.ParentRunner$2.evaluate(ParentRunner.java:293)
	at io.cucumber.junit.Cucumber$RunBeforeAllHooks.evaluate(Cucumber.java:266)
	at io.cucumber.junit.Cucumber$RunAfterAllHooks.evaluate(Cucumber.java:281)
	at io.cucumber.junit.Cucumber$StartTestRun.evaluate(Cucumber.java:233)
	at io.cucumber.junit.Cucumber$FinishTestRun.evaluate(Cucumber.java:248)
	at org.junit.internal.runners.statements.RunBefores.evaluate(RunBefores.java:26)
	at org.junit.internal.runners.statements.RunAfters.evaluate(RunAfters.java:27)
	at org.junit.runners.ParentRunner$3.evaluate(ParentRunner.java:306)
	at org.junit.runners.ParentRunner.run(ParentRunner.java:413)
	at org.eclipse.jdt.internal.junit4.runner.JUnit4TestReference.run(JUnit4TestReference.java:93)
	at org.eclipse.jdt.internal.junit.runner.TestExecution.run(TestExecution.java:40)
	at org.eclipse.jdt.internal.junit.runner.RemoteTestRunner.runTests(RemoteTestRunner.java:529)
	at org.eclipse.jdt.internal.junit.runner.RemoteTestRunner.runTests(RemoteTestRunner.java:756)
	at org.eclipse.jdt.internal.junit.runner.RemoteTestRunner.run(RemoteTestRunner.java:452)
	at org.eclipse.jdt.internal.junit.runner.RemoteTestRunner.main(RemoteTestRunner.java:210)
Current_Date_Time 2022-11-24 15:41:08
____________________   RS API AUTOMATION COMPLETED  _______________________ 

Status Code of Get Event details by ID: 200
Response : {"id":1247,"languageId":1,"sponsorId":432,"sponsorName":"Bolthouse Farms®","slug":"double-chocolate-chickpea-flour-cookies","name":"Biscuits Lorem","description":"We use coockies to personalise content and ads, to provide social media features and to analyse our traffic .We also share information about your use of our site with our social media,advertising and analytics partners who may combine it with other information that you have provided to them or that they have collected from your use of their services. Another thing is  good in  health point of you. Nice one don't miss its","summary":"This website uses Cookies","website":"http://bolthouse.com","displayLimit":1000,"displayName":"Bolthouse Farms® Biscuits Lorem","customVariables":{"Attributes.Event_applicationEnds":"Thursday, July 9"},"discussionCount":5,"likeCount":4,"forceAddressVerification":false,"sendSelectionNotification":true,"forceChildrenVerification":false,"featuredStart":null,"featuredEnd":null,"created":"2022-02-05 23:17:56","modified":"2022-11-11 04:53:56","categories":[],"community":{"id":432,"name":"Bolthouse Farms®"},"heroPlayList":{"id":8046,"autoPlay":true,"mediaUrl":null,"assets":[{"assetId":null,"basename":"Cookies.png","mimeType":"image/png","type":"Image","url":null,"thumbnailUrl":null,"hlsPlaylistUrl":"https://stg-media.ripplestreet.com/basset/dc42555766b513af37d71ea039295206/original/Cookies.png","mp4Url":null,"webmUrl":null},{"assetId":null,"basename":"FOUR STROKE.jpg","mimeType":"image/jpeg","type":"Image","url":null,"thumbnailUrl":null,"hlsPlaylistUrl":"https://stg-media.ripplestreet.com/basset/f4776ae3cc5224eb26e30c52a02458f8/original/FOUR STROKE.jpg","mp4Url":null,"webmUrl":null}]},"eventData":{"hashtag":"just","partyPackName":"Test Pack"},"partyDateRange":"November 28 - November 28","postTrailEnds":null,"numApplicants":328,"experienceDateEnds":"Wednesday, November 30","bannerUrl":null,"active":true,"virtual":false,"template":false,"listed":true,"aampp":false,"chatterbox":false,"featured":false,"discoverable":true,"ongoing":true,"adultOnly":false,"deleted":false}
java.lang.ClassCastException: class org.json.simple.JSONObject cannot be cast to class org.json.JSONObject (org.json.simple.JSONObject and org.json.JSONObject are in unnamed module of loader 'app')
	at PageObjects.RSAPI.GetEventDetailsByID(RSAPI.java:118)
	at StepDefinition.RSAPITesting.Verify_the_get_events_details_by_ID(RSAPITesting.java:39)
	at java.base/jdk.internal.reflect.NativeMethodAccessorImpl.invoke0(Native Method)
	at java.base/jdk.internal.reflect.NativeMethodAccessorImpl.invoke(NativeMethodAccessorImpl.java:78)
	at java.base/jdk.internal.reflect.DelegatingMethodAccessorImpl.invoke(DelegatingMethodAccessorImpl.java:43)
	at java.base/java.lang.reflect.Method.invoke(Method.java:567)
	at io.cucumber.java.Invoker.doInvoke(Invoker.java:66)
	at io.cucumber.java.Invoker.invoke(Invoker.java:24)
	at io.cucumber.java.AbstractGlueDefinition.invokeMethod(AbstractGlueDefinition.java:47)
	at io.cucumber.java.JavaStepDefinition.execute(JavaStepDefinition.java:29)
	at io.cucumber.core.runner.CoreStepDefinition.execute(CoreStepDefinition.java:66)
	at io.cucumber.core.runner.PickleStepDefinitionMatch.runStep(PickleStepDefinitionMatch.java:63)
	at io.cucumber.core.runner.ExecutionMode$1.execute(ExecutionMode.java:10)
	at io.cucumber.core.runner.TestStep.executeStep(TestStep.java:85)
	at io.cucumber.core.runner.TestStep.run(TestStep.java:57)
	at io.cucumber.core.runner.PickleStepTestStep.run(PickleStepTestStep.java:51)
	at io.cucumber.core.runner.TestCase.run(TestCase.java:84)
	at io.cucumber.core.runner.Runner.runPickle(Runner.java:75)
	at io.cucumber.junit.PickleRunners$NoStepDescriptions.lambda$run$0(PickleRunners.java:151)
	at io.cucumber.core.runtime.CucumberExecutionContext.lambda$runTestCase$5(CucumberExecutionContext.java:129)
	at io.cucumber.core.runtime.RethrowingThrowableCollector.executeAndThrow(RethrowingThrowableCollector.java:23)
	at io.cucumber.core.runtime.CucumberExecutionContext.runTestCase(CucumberExecutionContext.java:129)
	at io.cucumber.junit.PickleRunners$NoStepDescriptions.run(PickleRunners.java:148)
	at io.cucumber.junit.FeatureRunner.runChild(FeatureRunner.java:144)
	at io.cucumber.junit.FeatureRunner.runChild(FeatureRunner.java:28)
	at org.junit.runners.ParentRunner$4.run(ParentRunner.java:331)
	at org.junit.runners.ParentRunner$1.schedule(ParentRunner.java:79)
	at org.junit.runners.ParentRunner.runChildren(ParentRunner.java:329)
	at org.junit.runners.ParentRunner.access$100(ParentRunner.java:66)
	at org.junit.runners.ParentRunner$2.evaluate(ParentRunner.java:293)
	at org.junit.runners.ParentRunner$3.evaluate(ParentRunner.java:306)
	at org.junit.runners.ParentRunner.run(ParentRunner.java:413)
	at io.cucumber.junit.FeatureRunner.run(FeatureRunner.java:137)
	at io.cucumber.junit.Cucumber.runChild(Cucumber.java:196)
	at io.cucumber.junit.Cucumber.runChild(Cucumber.java:89)
	at org.junit.runners.ParentRunner$4.run(ParentRunner.java:331)
	at org.junit.runners.ParentRunner$1.schedule(ParentRunner.java:79)
	at org.junit.runners.ParentRunner.runChildren(ParentRunner.java:329)
	at org.junit.runners.ParentRunner.access$100(ParentRunner.java:66)
	at org.junit.runners.ParentRunner$2.evaluate(ParentRunner.java:293)
	at io.cucumber.junit.Cucumber$RunBeforeAllHooks.evaluate(Cucumber.java:266)
	at io.cucumber.junit.Cucumber$RunAfterAllHooks.evaluate(Cucumber.java:281)
	at io.cucumber.junit.Cucumber$StartTestRun.evaluate(Cucumber.java:233)
	at io.cucumber.junit.Cucumber$FinishTestRun.evaluate(Cucumber.java:248)
	at org.junit.internal.runners.statements.RunBefores.evaluate(RunBefores.java:26)
	at org.junit.internal.runners.statements.RunAfters.evaluate(RunAfters.java:27)
	at org.junit.runners.ParentRunner$3.evaluate(ParentRunner.java:306)
	at org.junit.runners.ParentRunner.run(ParentRunner.java:413)
	at org.eclipse.jdt.internal.junit4.runner.JUnit4TestReference.run(JUnit4TestReference.java:93)
	at org.eclipse.jdt.internal.junit.runner.TestExecution.run(TestExecution.java:40)
	at org.eclipse.jdt.internal.junit.runner.RemoteTestRunner.runTests(RemoteTestRunner.java:529)
	at org.eclipse.jdt.internal.junit.runner.RemoteTestRunner.runTests(RemoteTestRunner.java:756)
	at org.eclipse.jdt.internal.junit.runner.RemoteTestRunner.run(RemoteTestRunner.java:452)
	at org.eclipse.jdt.internal.junit.runner.RemoteTestRunner.main(RemoteTestRunner.java:210)
Current_Date_Time 2022-11-24 15:45:00
____________________   RS API AUTOMATION COMPLETED  _______________________ 
Current_Date_Time 2022-11-24 16:03:27
____________________   RS API AUTOMATION COMPLETED  _______________________ 

Status Code of Get Event details by ID: 200
Response : {"id":1247,"languageId":1,"sponsorId":432,"sponsorName":"Bolthouse Farms®","slug":"double-chocolate-chickpea-flour-cookies","name":"Biscuits Lorem","description":"We use coockies to personalise content and ads, to provide social media features and to analyse our traffic .We also share information about your use of our site with our social media,advertising and analytics partners who may combine it with other information that you have provided to them or that they have collected from your use of their services. Another thing is  good in  health point of you. Nice one don't miss its","summary":"This website uses Cookies","website":"http://bolthouse.com","displayLimit":1000,"displayName":"Bolthouse Farms® Biscuits Lorem","customVariables":{"Attributes.Event_applicationEnds":"Thursday, July 9"},"discussionCount":5,"likeCount":4,"forceAddressVerification":false,"sendSelectionNotification":true,"forceChildrenVerification":false,"featuredStart":null,"featuredEnd":null,"created":"2022-02-05 23:17:56","modified":"2022-11-11 04:53:56","categories":[],"community":{"id":432,"name":"Bolthouse Farms®"},"heroPlayList":{"id":8046,"autoPlay":true,"mediaUrl":null,"assets":[{"assetId":null,"basename":"Cookies.png","mimeType":"image/png","type":"Image","url":null,"thumbnailUrl":null,"hlsPlaylistUrl":"https://stg-media.ripplestreet.com/basset/dc42555766b513af37d71ea039295206/original/Cookies.png","mp4Url":null,"webmUrl":null},{"assetId":null,"basename":"FOUR STROKE.jpg","mimeType":"image/jpeg","type":"Image","url":null,"thumbnailUrl":null,"hlsPlaylistUrl":"https://stg-media.ripplestreet.com/basset/f4776ae3cc5224eb26e30c52a02458f8/original/FOUR STROKE.jpg","mp4Url":null,"webmUrl":null}]},"eventData":{"hashtag":"just","partyPackName":"Test Pack"},"partyDateRange":"November 28 - November 28","postTrailEnds":null,"numApplicants":328,"experienceDateEnds":"Wednesday, November 30","bannerUrl":null,"active":true,"virtual":false,"template":false,"listed":true,"aampp":false,"chatterbox":false,"featured":false,"discoverable":true,"ongoing":true,"adultOnly":false,"deleted":false}
java.lang.ClassCastException: class org.json.simple.JSONObject cannot be cast to class org.json.JSONObject (org.json.simple.JSONObject and org.json.JSONObject are in unnamed module of loader 'app')
	at PageObjects.RSAPI.GetEventDetailsByID(RSAPI.java:126)
	at StepDefinition.RSAPITesting.Verify_the_get_events_details_by_ID(RSAPITesting.java:39)
	at java.base/jdk.internal.reflect.NativeMethodAccessorImpl.invoke0(Native Method)
	at java.base/jdk.internal.reflect.NativeMethodAccessorImpl.invoke(NativeMethodAccessorImpl.java:78)
	at java.base/jdk.internal.reflect.DelegatingMethodAccessorImpl.invoke(DelegatingMethodAccessorImpl.java:43)
	at java.base/java.lang.reflect.Method.invoke(Method.java:567)
	at io.cucumber.java.Invoker.doInvoke(Invoker.java:66)
	at io.cucumber.java.Invoker.invoke(Invoker.java:24)
	at io.cucumber.java.AbstractGlueDefinition.invokeMethod(AbstractGlueDefinition.java:47)
	at io.cucumber.java.JavaStepDefinition.execute(JavaStepDefinition.java:29)
	at io.cucumber.core.runner.CoreStepDefinition.execute(CoreStepDefinition.java:66)
	at io.cucumber.core.runner.PickleStepDefinitionMatch.runStep(PickleStepDefinitionMatch.java:63)
	at io.cucumber.core.runner.ExecutionMode$1.execute(ExecutionMode.java:10)
	at io.cucumber.core.runner.TestStep.executeStep(TestStep.java:85)
	at io.cucumber.core.runner.TestStep.run(TestStep.java:57)
	at io.cucumber.core.runner.PickleStepTestStep.run(PickleStepTestStep.java:51)
	at io.cucumber.core.runner.TestCase.run(TestCase.java:84)
	at io.cucumber.core.runner.Runner.runPickle(Runner.java:75)
	at io.cucumber.junit.PickleRunners$NoStepDescriptions.lambda$run$0(PickleRunners.java:151)
	at io.cucumber.core.runtime.CucumberExecutionContext.lambda$runTestCase$5(CucumberExecutionContext.java:129)
	at io.cucumber.core.runtime.RethrowingThrowableCollector.executeAndThrow(RethrowingThrowableCollector.java:23)
	at io.cucumber.core.runtime.CucumberExecutionContext.runTestCase(CucumberExecutionContext.java:129)
	at io.cucumber.junit.PickleRunners$NoStepDescriptions.run(PickleRunners.java:148)
	at io.cucumber.junit.FeatureRunner.runChild(FeatureRunner.java:144)
	at io.cucumber.junit.FeatureRunner.runChild(FeatureRunner.java:28)
	at org.junit.runners.ParentRunner$4.run(ParentRunner.java:331)
	at org.junit.runners.ParentRunner$1.schedule(ParentRunner.java:79)
	at org.junit.runners.ParentRunner.runChildren(ParentRunner.java:329)
	at org.junit.runners.ParentRunner.access$100(ParentRunner.java:66)
	at org.junit.runners.ParentRunner$2.evaluate(ParentRunner.java:293)
	at org.junit.runners.ParentRunner$3.evaluate(ParentRunner.java:306)
	at org.junit.runners.ParentRunner.run(ParentRunner.java:413)
	at io.cucumber.junit.FeatureRunner.run(FeatureRunner.java:137)
	at io.cucumber.junit.Cucumber.runChild(Cucumber.java:196)
	at io.cucumber.junit.Cucumber.runChild(Cucumber.java:89)
	at org.junit.runners.ParentRunner$4.run(ParentRunner.java:331)
	at org.junit.runners.ParentRunner$1.schedule(ParentRunner.java:79)
	at org.junit.runners.ParentRunner.runChildren(ParentRunner.java:329)
	at org.junit.runners.ParentRunner.access$100(ParentRunner.java:66)
	at org.junit.runners.ParentRunner$2.evaluate(ParentRunner.java:293)
	at io.cucumber.junit.Cucumber$RunBeforeAllHooks.evaluate(Cucumber.java:266)
	at io.cucumber.junit.Cucumber$RunAfterAllHooks.evaluate(Cucumber.java:281)
	at io.cucumber.junit.Cucumber$StartTestRun.evaluate(Cucumber.java:233)
	at io.cucumber.junit.Cucumber$FinishTestRun.evaluate(Cucumber.java:248)
	at org.junit.internal.runners.statements.RunBefores.evaluate(RunBefores.java:26)
	at org.junit.internal.runners.statements.RunAfters.evaluate(RunAfters.java:27)
	at org.junit.runners.ParentRunner$3.evaluate(ParentRunner.java:306)
	at org.junit.runners.ParentRunner.run(ParentRunner.java:413)
	at org.eclipse.jdt.internal.junit4.runner.JUnit4TestReference.run(JUnit4TestReference.java:93)
	at org.eclipse.jdt.internal.junit.runner.TestExecution.run(TestExecution.java:40)
	at org.eclipse.jdt.internal.junit.runner.RemoteTestRunner.runTests(RemoteTestRunner.java:529)
	at org.eclipse.jdt.internal.junit.runner.RemoteTestRunner.runTests(RemoteTestRunner.java:756)
	at org.eclipse.jdt.internal.junit.runner.RemoteTestRunner.run(RemoteTestRunner.java:452)
	at org.eclipse.jdt.internal.junit.runner.RemoteTestRunner.main(RemoteTestRunner.java:210)
java.lang.ClassCastException: class org.json.simple.JSONObject cannot be cast to class org.json.JSONObject (org.json.simple.JSONObject and org.json.JSONObject are in unnamed module of loader 'app')
	at PageObjects.RSAPI.GetEventDetailsByID(RSAPI.java:136)
	at StepDefinition.RSAPITesting.Verify_the_get_events_details_by_ID(RSAPITesting.java:39)
	at java.base/jdk.internal.reflect.NativeMethodAccessorImpl.invoke0(Native Method)
	at java.base/jdk.internal.reflect.NativeMethodAccessorImpl.invoke(NativeMethodAccessorImpl.java:78)
	at java.base/jdk.internal.reflect.DelegatingMethodAccessorImpl.invoke(DelegatingMethodAccessorImpl.java:43)
	at java.base/java.lang.reflect.Method.invoke(Method.java:567)
	at io.cucumber.java.Invoker.doInvoke(Invoker.java:66)
	at io.cucumber.java.Invoker.invoke(Invoker.java:24)
	at io.cucumber.java.AbstractGlueDefinition.invokeMethod(AbstractGlueDefinition.java:47)
	at io.cucumber.java.JavaStepDefinition.execute(JavaStepDefinition.java:29)
	at io.cucumber.core.runner.CoreStepDefinition.execute(CoreStepDefinition.java:66)
	at io.cucumber.core.runner.PickleStepDefinitionMatch.runStep(PickleStepDefinitionMatch.java:63)
	at io.cucumber.core.runner.ExecutionMode$1.execute(ExecutionMode.java:10)
	at io.cucumber.core.runner.TestStep.executeStep(TestStep.java:85)
	at io.cucumber.core.runner.TestStep.run(TestStep.java:57)
	at io.cucumber.core.runner.PickleStepTestStep.run(PickleStepTestStep.java:51)
	at io.cucumber.core.runner.TestCase.run(TestCase.java:84)
	at io.cucumber.core.runner.Runner.runPickle(Runner.java:75)
	at io.cucumber.junit.PickleRunners$NoStepDescriptions.lambda$run$0(PickleRunners.java:151)
	at io.cucumber.core.runtime.CucumberExecutionContext.lambda$runTestCase$5(CucumberExecutionContext.java:129)
	at io.cucumber.core.runtime.RethrowingThrowableCollector.executeAndThrow(RethrowingThrowableCollector.java:23)
	at io.cucumber.core.runtime.CucumberExecutionContext.runTestCase(CucumberExecutionContext.java:129)
	at io.cucumber.junit.PickleRunners$NoStepDescriptions.run(PickleRunners.java:148)
	at io.cucumber.junit.FeatureRunner.runChild(FeatureRunner.java:144)
	at io.cucumber.junit.FeatureRunner.runChild(FeatureRunner.java:28)
	at org.junit.runners.ParentRunner$4.run(ParentRunner.java:331)
	at org.junit.runners.ParentRunner$1.schedule(ParentRunner.java:79)
	at org.junit.runners.ParentRunner.runChildren(ParentRunner.java:329)
	at org.junit.runners.ParentRunner.access$100(ParentRunner.java:66)
	at org.junit.runners.ParentRunner$2.evaluate(ParentRunner.java:293)
	at org.junit.runners.ParentRunner$3.evaluate(ParentRunner.java:306)
	at org.junit.runners.ParentRunner.run(ParentRunner.java:413)
	at io.cucumber.junit.FeatureRunner.run(FeatureRunner.java:137)
	at io.cucumber.junit.Cucumber.runChild(Cucumber.java:196)
	at io.cucumber.junit.Cucumber.runChild(Cucumber.java:89)
	at org.junit.runners.ParentRunner$4.run(ParentRunner.java:331)
	at org.junit.runners.ParentRunner$1.schedule(ParentRunner.java:79)
	at org.junit.runners.ParentRunner.runChildren(ParentRunner.java:329)
	at org.junit.runners.ParentRunner.access$100(ParentRunner.java:66)
	at org.junit.runners.ParentRunner$2.evaluate(ParentRunner.java:293)
	at io.cucumber.junit.Cucumber$RunBeforeAllHooks.evaluate(Cucumber.java:266)
	at io.cucumber.junit.Cucumber$RunAfterAllHooks.evaluate(Cucumber.java:281)
	at io.cucumber.junit.Cucumber$StartTestRun.evaluate(Cucumber.java:233)
	at io.cucumber.junit.Cucumber$FinishTestRun.evaluate(Cucumber.java:248)
	at org.junit.internal.runners.statements.RunBefores.evaluate(RunBefores.java:26)
	at org.junit.internal.runners.statements.RunAfters.evaluate(RunAfters.java:27)
	at org.junit.runners.ParentRunner$3.evaluate(ParentRunner.java:306)
	at org.junit.runners.ParentRunner.run(ParentRunner.java:413)
	at org.eclipse.jdt.internal.junit4.runner.JUnit4TestReference.run(JUnit4TestReference.java:93)
	at org.eclipse.jdt.internal.junit.runner.TestExecution.run(TestExecution.java:40)
	at org.eclipse.jdt.internal.junit.runner.RemoteTestRunner.runTests(RemoteTestRunner.java:529)
	at org.eclipse.jdt.internal.junit.runner.RemoteTestRunner.runTests(RemoteTestRunner.java:756)
	at org.eclipse.jdt.internal.junit.runner.RemoteTestRunner.run(RemoteTestRunner.java:452)
	at org.eclipse.jdt.internal.junit.runner.RemoteTestRunner.main(RemoteTestRunner.java:210)
Current_Date_Time 2022-11-24 16:04:33
____________________   RS API AUTOMATION COMPLETED  _______________________ 

Status Code of Get Event details by ID: 200
Response : {"id":1247,"languageId":1,"sponsorId":432,"sponsorName":"Bolthouse Farms®","slug":"double-chocolate-chickpea-flour-cookies","name":"Biscuits Lorem","description":"We use coockies to personalise content and ads, to provide social media features and to analyse our traffic .We also share information about your use of our site with our social media,advertising and analytics partners who may combine it with other information that you have provided to them or that they have collected from your use of their services. Another thing is  good in  health point of you. Nice one don't miss its","summary":"This website uses Cookies","website":"http://bolthouse.com","displayLimit":1000,"displayName":"Bolthouse Farms® Biscuits Lorem","customVariables":{"Attributes.Event_applicationEnds":"Thursday, July 9"},"discussionCount":5,"likeCount":4,"forceAddressVerification":false,"sendSelectionNotification":true,"forceChildrenVerification":false,"featuredStart":null,"featuredEnd":null,"created":"2022-02-05 23:17:56","modified":"2022-11-11 04:53:56","categories":[],"community":{"id":432,"name":"Bolthouse Farms®"},"heroPlayList":{"id":8046,"autoPlay":true,"mediaUrl":null,"assets":[{"assetId":null,"basename":"Cookies.png","mimeType":"image/png","type":"Image","url":null,"thumbnailUrl":null,"hlsPlaylistUrl":"https://stg-media.ripplestreet.com/basset/dc42555766b513af37d71ea039295206/original/Cookies.png","mp4Url":null,"webmUrl":null},{"assetId":null,"basename":"FOUR STROKE.jpg","mimeType":"image/jpeg","type":"Image","url":null,"thumbnailUrl":null,"hlsPlaylistUrl":"https://stg-media.ripplestreet.com/basset/f4776ae3cc5224eb26e30c52a02458f8/original/FOUR STROKE.jpg","mp4Url":null,"webmUrl":null}]},"eventData":{"hashtag":"just","partyPackName":"Test Pack"},"partyDateRange":"November 28 - November 28","postTrailEnds":null,"numApplicants":328,"experienceDateEnds":"Wednesday, November 30","bannerUrl":null,"active":true,"virtual":false,"template":false,"listed":true,"aampp":false,"chatterbox":false,"featured":false,"discoverable":true,"ongoing":true,"adultOnly":false,"deleted":false}
java.lang.ClassCastException: class org.json.simple.JSONObject cannot be cast to class org.json.JSONObject (org.json.simple.JSONObject and org.json.JSONObject are in unnamed module of loader 'app')
	at PageObjects.RSAPI.GetEventDetailsByID(RSAPI.java:130)
	at StepDefinition.RSAPITesting.Verify_the_get_events_details_by_ID(RSAPITesting.java:39)
	at java.base/jdk.internal.reflect.NativeMethodAccessorImpl.invoke0(Native Method)
	at java.base/jdk.internal.reflect.NativeMethodAccessorImpl.invoke(NativeMethodAccessorImpl.java:78)
	at java.base/jdk.internal.reflect.DelegatingMethodAccessorImpl.invoke(DelegatingMethodAccessorImpl.java:43)
	at java.base/java.lang.reflect.Method.invoke(Method.java:567)
	at io.cucumber.java.Invoker.doInvoke(Invoker.java:66)
	at io.cucumber.java.Invoker.invoke(Invoker.java:24)
	at io.cucumber.java.AbstractGlueDefinition.invokeMethod(AbstractGlueDefinition.java:47)
	at io.cucumber.java.JavaStepDefinition.execute(JavaStepDefinition.java:29)
	at io.cucumber.core.runner.CoreStepDefinition.execute(CoreStepDefinition.java:66)
	at io.cucumber.core.runner.PickleStepDefinitionMatch.runStep(PickleStepDefinitionMatch.java:63)
	at io.cucumber.core.runner.ExecutionMode$1.execute(ExecutionMode.java:10)
	at io.cucumber.core.runner.TestStep.executeStep(TestStep.java:85)
	at io.cucumber.core.runner.TestStep.run(TestStep.java:57)
	at io.cucumber.core.runner.PickleStepTestStep.run(PickleStepTestStep.java:51)
	at io.cucumber.core.runner.TestCase.run(TestCase.java:84)
	at io.cucumber.core.runner.Runner.runPickle(Runner.java:75)
	at io.cucumber.junit.PickleRunners$NoStepDescriptions.lambda$run$0(PickleRunners.java:151)
	at io.cucumber.core.runtime.CucumberExecutionContext.lambda$runTestCase$5(CucumberExecutionContext.java:129)
	at io.cucumber.core.runtime.RethrowingThrowableCollector.executeAndThrow(RethrowingThrowableCollector.java:23)
	at io.cucumber.core.runtime.CucumberExecutionContext.runTestCase(CucumberExecutionContext.java:129)
	at io.cucumber.junit.PickleRunners$NoStepDescriptions.run(PickleRunners.java:148)
	at io.cucumber.junit.FeatureRunner.runChild(FeatureRunner.java:144)
	at io.cucumber.junit.FeatureRunner.runChild(FeatureRunner.java:28)
	at org.junit.runners.ParentRunner$4.run(ParentRunner.java:331)
	at org.junit.runners.ParentRunner$1.schedule(ParentRunner.java:79)
	at org.junit.runners.ParentRunner.runChildren(ParentRunner.java:329)
	at org.junit.runners.ParentRunner.access$100(ParentRunner.java:66)
	at org.junit.runners.ParentRunner$2.evaluate(ParentRunner.java:293)
	at org.junit.runners.ParentRunner$3.evaluate(ParentRunner.java:306)
	at org.junit.runners.ParentRunner.run(ParentRunner.java:413)
	at io.cucumber.junit.FeatureRunner.run(FeatureRunner.java:137)
	at io.cucumber.junit.Cucumber.runChild(Cucumber.java:196)
	at io.cucumber.junit.Cucumber.runChild(Cucumber.java:89)
	at org.junit.runners.ParentRunner$4.run(ParentRunner.java:331)
	at org.junit.runners.ParentRunner$1.schedule(ParentRunner.java:79)
	at org.junit.runners.ParentRunner.runChildren(ParentRunner.java:329)
	at org.junit.runners.ParentRunner.access$100(ParentRunner.java:66)
	at org.junit.runners.ParentRunner$2.evaluate(ParentRunner.java:293)
	at io.cucumber.junit.Cucumber$RunBeforeAllHooks.evaluate(Cucumber.java:266)
	at io.cucumber.junit.Cucumber$RunAfterAllHooks.evaluate(Cucumber.java:281)
	at io.cucumber.junit.Cucumber$StartTestRun.evaluate(Cucumber.java:233)
	at io.cucumber.junit.Cucumber$FinishTestRun.evaluate(Cucumber.java:248)
	at org.junit.internal.runners.statements.RunBefores.evaluate(RunBefores.java:26)
	at org.junit.internal.runners.statements.RunAfters.evaluate(RunAfters.java:27)
	at org.junit.runners.ParentRunner$3.evaluate(ParentRunner.java:306)
	at org.junit.runners.ParentRunner.run(ParentRunner.java:413)
	at org.eclipse.jdt.internal.junit4.runner.JUnit4TestReference.run(JUnit4TestReference.java:93)
	at org.eclipse.jdt.internal.junit.runner.TestExecution.run(TestExecution.java:40)
	at org.eclipse.jdt.internal.junit.runner.RemoteTestRunner.runTests(RemoteTestRunner.java:529)
	at org.eclipse.jdt.internal.junit.runner.RemoteTestRunner.runTests(RemoteTestRunner.java:756)
	at org.eclipse.jdt.internal.junit.runner.RemoteTestRunner.run(RemoteTestRunner.java:452)
	at org.eclipse.jdt.internal.junit.runner.RemoteTestRunner.main(RemoteTestRunner.java:210)
java.lang.ClassCastException: class org.json.simple.JSONObject cannot be cast to class org.json.JSONObject (org.json.simple.JSONObject and org.json.JSONObject are in unnamed module of loader 'app')
	at PageObjects.RSAPI.GetEventDetailsByID(RSAPI.java:140)
	at StepDefinition.RSAPITesting.Verify_the_get_events_details_by_ID(RSAPITesting.java:39)
	at java.base/jdk.internal.reflect.NativeMethodAccessorImpl.invoke0(Native Method)
	at java.base/jdk.internal.reflect.NativeMethodAccessorImpl.invoke(NativeMethodAccessorImpl.java:78)
	at java.base/jdk.internal.reflect.DelegatingMethodAccessorImpl.invoke(DelegatingMethodAccessorImpl.java:43)
	at java.base/java.lang.reflect.Method.invoke(Method.java:567)
	at io.cucumber.java.Invoker.doInvoke(Invoker.java:66)
	at io.cucumber.java.Invoker.invoke(Invoker.java:24)
	at io.cucumber.java.AbstractGlueDefinition.invokeMethod(AbstractGlueDefinition.java:47)
	at io.cucumber.java.JavaStepDefinition.execute(JavaStepDefinition.java:29)
	at io.cucumber.core.runner.CoreStepDefinition.execute(CoreStepDefinition.java:66)
	at io.cucumber.core.runner.PickleStepDefinitionMatch.runStep(PickleStepDefinitionMatch.java:63)
	at io.cucumber.core.runner.ExecutionMode$1.execute(ExecutionMode.java:10)
	at io.cucumber.core.runner.TestStep.executeStep(TestStep.java:85)
	at io.cucumber.core.runner.TestStep.run(TestStep.java:57)
	at io.cucumber.core.runner.PickleStepTestStep.run(PickleStepTestStep.java:51)
	at io.cucumber.core.runner.TestCase.run(TestCase.java:84)
	at io.cucumber.core.runner.Runner.runPickle(Runner.java:75)
	at io.cucumber.junit.PickleRunners$NoStepDescriptions.lambda$run$0(PickleRunners.java:151)
	at io.cucumber.core.runtime.CucumberExecutionContext.lambda$runTestCase$5(CucumberExecutionContext.java:129)
	at io.cucumber.core.runtime.RethrowingThrowableCollector.executeAndThrow(RethrowingThrowableCollector.java:23)
	at io.cucumber.core.runtime.CucumberExecutionContext.runTestCase(CucumberExecutionContext.java:129)
	at io.cucumber.junit.PickleRunners$NoStepDescriptions.run(PickleRunners.java:148)
	at io.cucumber.junit.FeatureRunner.runChild(FeatureRunner.java:144)
	at io.cucumber.junit.FeatureRunner.runChild(FeatureRunner.java:28)
	at org.junit.runners.ParentRunner$4.run(ParentRunner.java:331)
	at org.junit.runners.ParentRunner$1.schedule(ParentRunner.java:79)
	at org.junit.runners.ParentRunner.runChildren(ParentRunner.java:329)
	at org.junit.runners.ParentRunner.access$100(ParentRunner.java:66)
	at org.junit.runners.ParentRunner$2.evaluate(ParentRunner.java:293)
	at org.junit.runners.ParentRunner$3.evaluate(ParentRunner.java:306)
	at org.junit.runners.ParentRunner.run(ParentRunner.java:413)
	at io.cucumber.junit.FeatureRunner.run(FeatureRunner.java:137)
	at io.cucumber.junit.Cucumber.runChild(Cucumber.java:196)
	at io.cucumber.junit.Cucumber.runChild(Cucumber.java:89)
	at org.junit.runners.ParentRunner$4.run(ParentRunner.java:331)
	at org.junit.runners.ParentRunner$1.schedule(ParentRunner.java:79)
	at org.junit.runners.ParentRunner.runChildren(ParentRunner.java:329)
	at org.junit.runners.ParentRunner.access$100(ParentRunner.java:66)
	at org.junit.runners.ParentRunner$2.evaluate(ParentRunner.java:293)
	at io.cucumber.junit.Cucumber$RunBeforeAllHooks.evaluate(Cucumber.java:266)
	at io.cucumber.junit.Cucumber$RunAfterAllHooks.evaluate(Cucumber.java:281)
	at io.cucumber.junit.Cucumber$StartTestRun.evaluate(Cucumber.java:233)
	at io.cucumber.junit.Cucumber$FinishTestRun.evaluate(Cucumber.java:248)
	at org.junit.internal.runners.statements.RunBefores.evaluate(RunBefores.java:26)
	at org.junit.internal.runners.statements.RunAfters.evaluate(RunAfters.java:27)
	at org.junit.runners.ParentRunner$3.evaluate(ParentRunner.java:306)
	at org.junit.runners.ParentRunner.run(ParentRunner.java:413)
	at org.eclipse.jdt.internal.junit4.runner.JUnit4TestReference.run(JUnit4TestReference.java:93)
	at org.eclipse.jdt.internal.junit.runner.TestExecution.run(TestExecution.java:40)
	at org.eclipse.jdt.internal.junit.runner.RemoteTestRunner.runTests(RemoteTestRunner.java:529)
	at org.eclipse.jdt.internal.junit.runner.RemoteTestRunner.runTests(RemoteTestRunner.java:756)
	at org.eclipse.jdt.internal.junit.runner.RemoteTestRunner.run(RemoteTestRunner.java:452)
	at org.eclipse.jdt.internal.junit.runner.RemoteTestRunner.main(RemoteTestRunner.java:210)
Current_Date_Time 2022-11-24 16:15:17
____________________   RS API AUTOMATION COMPLETED  _______________________ 

Status Code of Get Event details by ID: 200
Response : {"id":1247,"languageId":1,"sponsorId":432,"sponsorName":"Bolthouse Farms®","slug":"double-chocolate-chickpea-flour-cookies","name":"Biscuits Lorem","description":"We use coockies to personalise content and ads, to provide social media features and to analyse our traffic .We also share information about your use of our site with our social media,advertising and analytics partners who may combine it with other information that you have provided to them or that they have collected from your use of their services. Another thing is  good in  health point of you. Nice one don't miss its","summary":"This website uses Cookies","website":"http://bolthouse.com","displayLimit":1000,"displayName":"Bolthouse Farms® Biscuits Lorem","customVariables":{"Attributes.Event_applicationEnds":"Thursday, July 9"},"discussionCount":5,"likeCount":4,"forceAddressVerification":false,"sendSelectionNotification":true,"forceChildrenVerification":false,"featuredStart":null,"featuredEnd":null,"created":"2022-02-05 23:17:56","modified":"2022-11-11 04:53:56","categories":[],"community":{"id":432,"name":"Bolthouse Farms®"},"heroPlayList":{"id":8046,"autoPlay":true,"mediaUrl":null,"assets":[{"assetId":null,"basename":"Cookies.png","mimeType":"image/png","type":"Image","url":null,"thumbnailUrl":null,"hlsPlaylistUrl":"https://stg-media.ripplestreet.com/basset/dc42555766b513af37d71ea039295206/original/Cookies.png","mp4Url":null,"webmUrl":null},{"assetId":null,"basename":"FOUR STROKE.jpg","mimeType":"image/jpeg","type":"Image","url":null,"thumbnailUrl":null,"hlsPlaylistUrl":"https://stg-media.ripplestreet.com/basset/f4776ae3cc5224eb26e30c52a02458f8/original/FOUR STROKE.jpg","mp4Url":null,"webmUrl":null}]},"eventData":{"hashtag":"just","partyPackName":"Test Pack"},"partyDateRange":"November 28 - November 28","postTrailEnds":null,"numApplicants":328,"experienceDateEnds":"Wednesday, November 30","bannerUrl":null,"active":true,"virtual":false,"template":false,"listed":true,"aampp":false,"chatterbox":false,"featured":false,"discoverable":true,"ongoing":true,"adultOnly":false,"deleted":false}
java.lang.ClassCastException: class org.json.simple.JSONObject cannot be cast to class org.json.JSONObject (org.json.simple.JSONObject and org.json.JSONObject are in unnamed module of loader 'app')
	at PageObjects.RSAPI.GetEventDetailsByID(RSAPI.java:131)
	at StepDefinition.RSAPITesting.Verify_the_get_events_details_by_ID(RSAPITesting.java:39)
	at java.base/jdk.internal.reflect.NativeMethodAccessorImpl.invoke0(Native Method)
	at java.base/jdk.internal.reflect.NativeMethodAccessorImpl.invoke(NativeMethodAccessorImpl.java:78)
	at java.base/jdk.internal.reflect.DelegatingMethodAccessorImpl.invoke(DelegatingMethodAccessorImpl.java:43)
	at java.base/java.lang.reflect.Method.invoke(Method.java:567)
	at io.cucumber.java.Invoker.doInvoke(Invoker.java:66)
	at io.cucumber.java.Invoker.invoke(Invoker.java:24)
	at io.cucumber.java.AbstractGlueDefinition.invokeMethod(AbstractGlueDefinition.java:47)
	at io.cucumber.java.JavaStepDefinition.execute(JavaStepDefinition.java:29)
	at io.cucumber.core.runner.CoreStepDefinition.execute(CoreStepDefinition.java:66)
	at io.cucumber.core.runner.PickleStepDefinitionMatch.runStep(PickleStepDefinitionMatch.java:63)
	at io.cucumber.core.runner.ExecutionMode$1.execute(ExecutionMode.java:10)
	at io.cucumber.core.runner.TestStep.executeStep(TestStep.java:85)
	at io.cucumber.core.runner.TestStep.run(TestStep.java:57)
	at io.cucumber.core.runner.PickleStepTestStep.run(PickleStepTestStep.java:51)
	at io.cucumber.core.runner.TestCase.run(TestCase.java:84)
	at io.cucumber.core.runner.Runner.runPickle(Runner.java:75)
	at io.cucumber.junit.PickleRunners$NoStepDescriptions.lambda$run$0(PickleRunners.java:151)
	at io.cucumber.core.runtime.CucumberExecutionContext.lambda$runTestCase$5(CucumberExecutionContext.java:129)
	at io.cucumber.core.runtime.RethrowingThrowableCollector.executeAndThrow(RethrowingThrowableCollector.java:23)
	at io.cucumber.core.runtime.CucumberExecutionContext.runTestCase(CucumberExecutionContext.java:129)
	at io.cucumber.junit.PickleRunners$NoStepDescriptions.run(PickleRunners.java:148)
	at io.cucumber.junit.FeatureRunner.runChild(FeatureRunner.java:144)
	at io.cucumber.junit.FeatureRunner.runChild(FeatureRunner.java:28)
	at org.junit.runners.ParentRunner$4.run(ParentRunner.java:331)
	at org.junit.runners.ParentRunner$1.schedule(ParentRunner.java:79)
	at org.junit.runners.ParentRunner.runChildren(ParentRunner.java:329)
	at org.junit.runners.ParentRunner.access$100(ParentRunner.java:66)
	at org.junit.runners.ParentRunner$2.evaluate(ParentRunner.java:293)
	at org.junit.runners.ParentRunner$3.evaluate(ParentRunner.java:306)
	at org.junit.runners.ParentRunner.run(ParentRunner.java:413)
	at io.cucumber.junit.FeatureRunner.run(FeatureRunner.java:137)
	at io.cucumber.junit.Cucumber.runChild(Cucumber.java:196)
	at io.cucumber.junit.Cucumber.runChild(Cucumber.java:89)
	at org.junit.runners.ParentRunner$4.run(ParentRunner.java:331)
	at org.junit.runners.ParentRunner$1.schedule(ParentRunner.java:79)
	at org.junit.runners.ParentRunner.runChildren(ParentRunner.java:329)
	at org.junit.runners.ParentRunner.access$100(ParentRunner.java:66)
	at org.junit.runners.ParentRunner$2.evaluate(ParentRunner.java:293)
	at io.cucumber.junit.Cucumber$RunBeforeAllHooks.evaluate(Cucumber.java:266)
	at io.cucumber.junit.Cucumber$RunAfterAllHooks.evaluate(Cucumber.java:281)
	at io.cucumber.junit.Cucumber$StartTestRun.evaluate(Cucumber.java:233)
	at io.cucumber.junit.Cucumber$FinishTestRun.evaluate(Cucumber.java:248)
	at org.junit.internal.runners.statements.RunBefores.evaluate(RunBefores.java:26)
	at org.junit.internal.runners.statements.RunAfters.evaluate(RunAfters.java:27)
	at org.junit.runners.ParentRunner$3.evaluate(ParentRunner.java:306)
	at org.junit.runners.ParentRunner.run(ParentRunner.java:413)
	at org.eclipse.jdt.internal.junit4.runner.JUnit4TestReference.run(JUnit4TestReference.java:93)
	at org.eclipse.jdt.internal.junit.runner.TestExecution.run(TestExecution.java:40)
	at org.eclipse.jdt.internal.junit.runner.RemoteTestRunner.runTests(RemoteTestRunner.java:529)
	at org.eclipse.jdt.internal.junit.runner.RemoteTestRunner.runTests(RemoteTestRunner.java:756)
	at org.eclipse.jdt.internal.junit.runner.RemoteTestRunner.run(RemoteTestRunner.java:452)
	at org.eclipse.jdt.internal.junit.runner.RemoteTestRunner.main(RemoteTestRunner.java:210)
java.lang.ClassCastException: class org.json.simple.JSONObject cannot be cast to class org.json.JSONObject (org.json.simple.JSONObject and org.json.JSONObject are in unnamed module of loader 'app')
	at PageObjects.RSAPI.GetEventDetailsByID(RSAPI.java:141)
	at StepDefinition.RSAPITesting.Verify_the_get_events_details_by_ID(RSAPITesting.java:39)
	at java.base/jdk.internal.reflect.NativeMethodAccessorImpl.invoke0(Native Method)
	at java.base/jdk.internal.reflect.NativeMethodAccessorImpl.invoke(NativeMethodAccessorImpl.java:78)
	at java.base/jdk.internal.reflect.DelegatingMethodAccessorImpl.invoke(DelegatingMethodAccessorImpl.java:43)
	at java.base/java.lang.reflect.Method.invoke(Method.java:567)
	at io.cucumber.java.Invoker.doInvoke(Invoker.java:66)
	at io.cucumber.java.Invoker.invoke(Invoker.java:24)
	at io.cucumber.java.AbstractGlueDefinition.invokeMethod(AbstractGlueDefinition.java:47)
	at io.cucumber.java.JavaStepDefinition.execute(JavaStepDefinition.java:29)
	at io.cucumber.core.runner.CoreStepDefinition.execute(CoreStepDefinition.java:66)
	at io.cucumber.core.runner.PickleStepDefinitionMatch.runStep(PickleStepDefinitionMatch.java:63)
	at io.cucumber.core.runner.ExecutionMode$1.execute(ExecutionMode.java:10)
	at io.cucumber.core.runner.TestStep.executeStep(TestStep.java:85)
	at io.cucumber.core.runner.TestStep.run(TestStep.java:57)
	at io.cucumber.core.runner.PickleStepTestStep.run(PickleStepTestStep.java:51)
	at io.cucumber.core.runner.TestCase.run(TestCase.java:84)
	at io.cucumber.core.runner.Runner.runPickle(Runner.java:75)
	at io.cucumber.junit.PickleRunners$NoStepDescriptions.lambda$run$0(PickleRunners.java:151)
	at io.cucumber.core.runtime.CucumberExecutionContext.lambda$runTestCase$5(CucumberExecutionContext.java:129)
	at io.cucumber.core.runtime.RethrowingThrowableCollector.executeAndThrow(RethrowingThrowableCollector.java:23)
	at io.cucumber.core.runtime.CucumberExecutionContext.runTestCase(CucumberExecutionContext.java:129)
	at io.cucumber.junit.PickleRunners$NoStepDescriptions.run(PickleRunners.java:148)
	at io.cucumber.junit.FeatureRunner.runChild(FeatureRunner.java:144)
	at io.cucumber.junit.FeatureRunner.runChild(FeatureRunner.java:28)
	at org.junit.runners.ParentRunner$4.run(ParentRunner.java:331)
	at org.junit.runners.ParentRunner$1.schedule(ParentRunner.java:79)
	at org.junit.runners.ParentRunner.runChildren(ParentRunner.java:329)
	at org.junit.runners.ParentRunner.access$100(ParentRunner.java:66)
	at org.junit.runners.ParentRunner$2.evaluate(ParentRunner.java:293)
	at org.junit.runners.ParentRunner$3.evaluate(ParentRunner.java:306)
	at org.junit.runners.ParentRunner.run(ParentRunner.java:413)
	at io.cucumber.junit.FeatureRunner.run(FeatureRunner.java:137)
	at io.cucumber.junit.Cucumber.runChild(Cucumber.java:196)
	at io.cucumber.junit.Cucumber.runChild(Cucumber.java:89)
	at org.junit.runners.ParentRunner$4.run(ParentRunner.java:331)
	at org.junit.runners.ParentRunner$1.schedule(ParentRunner.java:79)
	at org.junit.runners.ParentRunner.runChildren(ParentRunner.java:329)
	at org.junit.runners.ParentRunner.access$100(ParentRunner.java:66)
	at org.junit.runners.ParentRunner$2.evaluate(ParentRunner.java:293)
	at io.cucumber.junit.Cucumber$RunBeforeAllHooks.evaluate(Cucumber.java:266)
	at io.cucumber.junit.Cucumber$RunAfterAllHooks.evaluate(Cucumber.java:281)
	at io.cucumber.junit.Cucumber$StartTestRun.evaluate(Cucumber.java:233)
	at io.cucumber.junit.Cucumber$FinishTestRun.evaluate(Cucumber.java:248)
	at org.junit.internal.runners.statements.RunBefores.evaluate(RunBefores.java:26)
	at org.junit.internal.runners.statements.RunAfters.evaluate(RunAfters.java:27)
	at org.junit.runners.ParentRunner$3.evaluate(ParentRunner.java:306)
	at org.junit.runners.ParentRunner.run(ParentRunner.java:413)
	at org.eclipse.jdt.internal.junit4.runner.JUnit4TestReference.run(JUnit4TestReference.java:93)
	at org.eclipse.jdt.internal.junit.runner.TestExecution.run(TestExecution.java:40)
	at org.eclipse.jdt.internal.junit.runner.RemoteTestRunner.runTests(RemoteTestRunner.java:529)
	at org.eclipse.jdt.internal.junit.runner.RemoteTestRunner.runTests(RemoteTestRunner.java:756)
	at org.eclipse.jdt.internal.junit.runner.RemoteTestRunner.run(RemoteTestRunner.java:452)
	at org.eclipse.jdt.internal.junit.runner.RemoteTestRunner.main(RemoteTestRunner.java:210)
Current_Date_Time 2022-11-24 16:30:03
____________________   RS API AUTOMATION COMPLETED  _______________________ 

Status Code of Get Event details by ID: 200
Response : {"id":1247,"languageId":1,"sponsorId":432,"sponsorName":"Bolthouse Farms®","slug":"double-chocolate-chickpea-flour-cookies","name":"Biscuits Lorem","description":"We use coockies to personalise content and ads, to provide social media features and to analyse our traffic .We also share information about your use of our site with our social media,advertising and analytics partners who may combine it with other information that you have provided to them or that they have collected from your use of their services. Another thing is  good in  health point of you. Nice one don't miss its","summary":"This website uses Cookies","website":"http://bolthouse.com","displayLimit":1000,"displayName":"Bolthouse Farms® Biscuits Lorem","customVariables":{"Attributes.Event_applicationEnds":"Thursday, July 9"},"discussionCount":5,"likeCount":4,"forceAddressVerification":false,"sendSelectionNotification":true,"forceChildrenVerification":false,"featuredStart":null,"featuredEnd":null,"created":"2022-02-05 23:17:56","modified":"2022-11-11 04:53:56","categories":[],"community":{"id":432,"name":"Bolthouse Farms®"},"heroPlayList":{"id":8046,"autoPlay":true,"mediaUrl":null,"assets":[{"assetId":null,"basename":"Cookies.png","mimeType":"image/png","type":"Image","url":null,"thumbnailUrl":null,"hlsPlaylistUrl":"https://stg-media.ripplestreet.com/basset/dc42555766b513af37d71ea039295206/original/Cookies.png","mp4Url":null,"webmUrl":null},{"assetId":null,"basename":"FOUR STROKE.jpg","mimeType":"image/jpeg","type":"Image","url":null,"thumbnailUrl":null,"hlsPlaylistUrl":"https://stg-media.ripplestreet.com/basset/f4776ae3cc5224eb26e30c52a02458f8/original/FOUR STROKE.jpg","mp4Url":null,"webmUrl":null}]},"eventData":{"hashtag":"just","partyPackName":"Test Pack"},"partyDateRange":"November 28 - November 28","postTrailEnds":null,"numApplicants":328,"experienceDateEnds":"Wednesday, November 30","bannerUrl":null,"active":true,"virtual":false,"template":false,"listed":true,"aampp":false,"chatterbox":false,"featured":false,"discoverable":true,"ongoing":true,"adultOnly":false,"deleted":false}
java.lang.ClassCastException: class org.json.simple.JSONObject cannot be cast to class org.json.JSONObject (org.json.simple.JSONObject and org.json.JSONObject are in unnamed module of loader 'app')
	at PageObjects.RSAPI.GetEventDetailsByID(RSAPI.java:131)
	at StepDefinition.RSAPITesting.Verify_the_get_events_details_by_ID(RSAPITesting.java:39)
	at java.base/jdk.internal.reflect.NativeMethodAccessorImpl.invoke0(Native Method)
	at java.base/jdk.internal.reflect.NativeMethodAccessorImpl.invoke(NativeMethodAccessorImpl.java:78)
	at java.base/jdk.internal.reflect.DelegatingMethodAccessorImpl.invoke(DelegatingMethodAccessorImpl.java:43)
	at java.base/java.lang.reflect.Method.invoke(Method.java:567)
	at io.cucumber.java.Invoker.doInvoke(Invoker.java:66)
	at io.cucumber.java.Invoker.invoke(Invoker.java:24)
	at io.cucumber.java.AbstractGlueDefinition.invokeMethod(AbstractGlueDefinition.java:47)
	at io.cucumber.java.JavaStepDefinition.execute(JavaStepDefinition.java:29)
	at io.cucumber.core.runner.CoreStepDefinition.execute(CoreStepDefinition.java:66)
	at io.cucumber.core.runner.PickleStepDefinitionMatch.runStep(PickleStepDefinitionMatch.java:63)
	at io.cucumber.core.runner.ExecutionMode$1.execute(ExecutionMode.java:10)
	at io.cucumber.core.runner.TestStep.executeStep(TestStep.java:85)
	at io.cucumber.core.runner.TestStep.run(TestStep.java:57)
	at io.cucumber.core.runner.PickleStepTestStep.run(PickleStepTestStep.java:51)
	at io.cucumber.core.runner.TestCase.run(TestCase.java:84)
	at io.cucumber.core.runner.Runner.runPickle(Runner.java:75)
	at io.cucumber.junit.PickleRunners$NoStepDescriptions.lambda$run$0(PickleRunners.java:151)
	at io.cucumber.core.runtime.CucumberExecutionContext.lambda$runTestCase$5(CucumberExecutionContext.java:129)
	at io.cucumber.core.runtime.RethrowingThrowableCollector.executeAndThrow(RethrowingThrowableCollector.java:23)
	at io.cucumber.core.runtime.CucumberExecutionContext.runTestCase(CucumberExecutionContext.java:129)
	at io.cucumber.junit.PickleRunners$NoStepDescriptions.run(PickleRunners.java:148)
	at io.cucumber.junit.FeatureRunner.runChild(FeatureRunner.java:144)
	at io.cucumber.junit.FeatureRunner.runChild(FeatureRunner.java:28)
	at org.junit.runners.ParentRunner$4.run(ParentRunner.java:331)
	at org.junit.runners.ParentRunner$1.schedule(ParentRunner.java:79)
	at org.junit.runners.ParentRunner.runChildren(ParentRunner.java:329)
	at org.junit.runners.ParentRunner.access$100(ParentRunner.java:66)
	at org.junit.runners.ParentRunner$2.evaluate(ParentRunner.java:293)
	at org.junit.runners.ParentRunner$3.evaluate(ParentRunner.java:306)
	at org.junit.runners.ParentRunner.run(ParentRunner.java:413)
	at io.cucumber.junit.FeatureRunner.run(FeatureRunner.java:137)
	at io.cucumber.junit.Cucumber.runChild(Cucumber.java:196)
	at io.cucumber.junit.Cucumber.runChild(Cucumber.java:89)
	at org.junit.runners.ParentRunner$4.run(ParentRunner.java:331)
	at org.junit.runners.ParentRunner$1.schedule(ParentRunner.java:79)
	at org.junit.runners.ParentRunner.runChildren(ParentRunner.java:329)
	at org.junit.runners.ParentRunner.access$100(ParentRunner.java:66)
	at org.junit.runners.ParentRunner$2.evaluate(ParentRunner.java:293)
	at io.cucumber.junit.Cucumber$RunBeforeAllHooks.evaluate(Cucumber.java:266)
	at io.cucumber.junit.Cucumber$RunAfterAllHooks.evaluate(Cucumber.java:281)
	at io.cucumber.junit.Cucumber$StartTestRun.evaluate(Cucumber.java:233)
	at io.cucumber.junit.Cucumber$FinishTestRun.evaluate(Cucumber.java:248)
	at org.junit.internal.runners.statements.RunBefores.evaluate(RunBefores.java:26)
	at org.junit.internal.runners.statements.RunAfters.evaluate(RunAfters.java:27)
	at org.junit.runners.ParentRunner$3.evaluate(ParentRunner.java:306)
	at org.junit.runners.ParentRunner.run(ParentRunner.java:413)
	at org.eclipse.jdt.internal.junit4.runner.JUnit4TestReference.run(JUnit4TestReference.java:93)
	at org.eclipse.jdt.internal.junit.runner.TestExecution.run(TestExecution.java:40)
	at org.eclipse.jdt.internal.junit.runner.RemoteTestRunner.runTests(RemoteTestRunner.java:529)
	at org.eclipse.jdt.internal.junit.runner.RemoteTestRunner.runTests(RemoteTestRunner.java:756)
	at org.eclipse.jdt.internal.junit.runner.RemoteTestRunner.run(RemoteTestRunner.java:452)
	at org.eclipse.jdt.internal.junit.runner.RemoteTestRunner.main(RemoteTestRunner.java:210)
java.lang.ClassCastException: class org.json.simple.JSONObject cannot be cast to class org.json.JSONObject (org.json.simple.JSONObject and org.json.JSONObject are in unnamed module of loader 'app')
	at PageObjects.RSAPI.GetEventDetailsByID(RSAPI.java:141)
	at StepDefinition.RSAPITesting.Verify_the_get_events_details_by_ID(RSAPITesting.java:39)
	at java.base/jdk.internal.reflect.NativeMethodAccessorImpl.invoke0(Native Method)
	at java.base/jdk.internal.reflect.NativeMethodAccessorImpl.invoke(NativeMethodAccessorImpl.java:78)
	at java.base/jdk.internal.reflect.DelegatingMethodAccessorImpl.invoke(DelegatingMethodAccessorImpl.java:43)
	at java.base/java.lang.reflect.Method.invoke(Method.java:567)
	at io.cucumber.java.Invoker.doInvoke(Invoker.java:66)
	at io.cucumber.java.Invoker.invoke(Invoker.java:24)
	at io.cucumber.java.AbstractGlueDefinition.invokeMethod(AbstractGlueDefinition.java:47)
	at io.cucumber.java.JavaStepDefinition.execute(JavaStepDefinition.java:29)
	at io.cucumber.core.runner.CoreStepDefinition.execute(CoreStepDefinition.java:66)
	at io.cucumber.core.runner.PickleStepDefinitionMatch.runStep(PickleStepDefinitionMatch.java:63)
	at io.cucumber.core.runner.ExecutionMode$1.execute(ExecutionMode.java:10)
	at io.cucumber.core.runner.TestStep.executeStep(TestStep.java:85)
	at io.cucumber.core.runner.TestStep.run(TestStep.java:57)
	at io.cucumber.core.runner.PickleStepTestStep.run(PickleStepTestStep.java:51)
	at io.cucumber.core.runner.TestCase.run(TestCase.java:84)
	at io.cucumber.core.runner.Runner.runPickle(Runner.java:75)
	at io.cucumber.junit.PickleRunners$NoStepDescriptions.lambda$run$0(PickleRunners.java:151)
	at io.cucumber.core.runtime.CucumberExecutionContext.lambda$runTestCase$5(CucumberExecutionContext.java:129)
	at io.cucumber.core.runtime.RethrowingThrowableCollector.executeAndThrow(RethrowingThrowableCollector.java:23)
	at io.cucumber.core.runtime.CucumberExecutionContext.runTestCase(CucumberExecutionContext.java:129)
	at io.cucumber.junit.PickleRunners$NoStepDescriptions.run(PickleRunners.java:148)
	at io.cucumber.junit.FeatureRunner.runChild(FeatureRunner.java:144)
	at io.cucumber.junit.FeatureRunner.runChild(FeatureRunner.java:28)
	at org.junit.runners.ParentRunner$4.run(ParentRunner.java:331)
	at org.junit.runners.ParentRunner$1.schedule(ParentRunner.java:79)
	at org.junit.runners.ParentRunner.runChildren(ParentRunner.java:329)
	at org.junit.runners.ParentRunner.access$100(ParentRunner.java:66)
	at org.junit.runners.ParentRunner$2.evaluate(ParentRunner.java:293)
	at org.junit.runners.ParentRunner$3.evaluate(ParentRunner.java:306)
	at org.junit.runners.ParentRunner.run(ParentRunner.java:413)
	at io.cucumber.junit.FeatureRunner.run(FeatureRunner.java:137)
	at io.cucumber.junit.Cucumber.runChild(Cucumber.java:196)
	at io.cucumber.junit.Cucumber.runChild(Cucumber.java:89)
	at org.junit.runners.ParentRunner$4.run(ParentRunner.java:331)
	at org.junit.runners.ParentRunner$1.schedule(ParentRunner.java:79)
	at org.junit.runners.ParentRunner.runChildren(ParentRunner.java:329)
	at org.junit.runners.ParentRunner.access$100(ParentRunner.java:66)
	at org.junit.runners.ParentRunner$2.evaluate(ParentRunner.java:293)
	at io.cucumber.junit.Cucumber$RunBeforeAllHooks.evaluate(Cucumber.java:266)
	at io.cucumber.junit.Cucumber$RunAfterAllHooks.evaluate(Cucumber.java:281)
	at io.cucumber.junit.Cucumber$StartTestRun.evaluate(Cucumber.java:233)
	at io.cucumber.junit.Cucumber$FinishTestRun.evaluate(Cucumber.java:248)
	at org.junit.internal.runners.statements.RunBefores.evaluate(RunBefores.java:26)
	at org.junit.internal.runners.statements.RunAfters.evaluate(RunAfters.java:27)
	at org.junit.runners.ParentRunner$3.evaluate(ParentRunner.java:306)
	at org.junit.runners.ParentRunner.run(ParentRunner.java:413)
	at org.eclipse.jdt.internal.junit4.runner.JUnit4TestReference.run(JUnit4TestReference.java:93)
	at org.eclipse.jdt.internal.junit.runner.TestExecution.run(TestExecution.java:40)
	at org.eclipse.jdt.internal.junit.runner.RemoteTestRunner.runTests(RemoteTestRunner.java:529)
	at org.eclipse.jdt.internal.junit.runner.RemoteTestRunner.runTests(RemoteTestRunner.java:756)
	at org.eclipse.jdt.internal.junit.runner.RemoteTestRunner.run(RemoteTestRunner.java:452)
	at org.eclipse.jdt.internal.junit.runner.RemoteTestRunner.main(RemoteTestRunner.java:210)
Current_Date_Time 2022-11-24 16:31:06
____________________   RS API AUTOMATION COMPLETED  _______________________ 

Status Code of Get Event details by ID: 200
Response : {"id":1247,"languageId":1,"sponsorId":432,"sponsorName":"Bolthouse Farms®","slug":"double-chocolate-chickpea-flour-cookies","name":"Biscuits Lorem","description":"We use coockies to personalise content and ads, to provide social media features and to analyse our traffic .We also share information about your use of our site with our social media,advertising and analytics partners who may combine it with other information that you have provided to them or that they have collected from your use of their services. Another thing is  good in  health point of you. Nice one don't miss its","summary":"This website uses Cookies","website":"http://bolthouse.com","displayLimit":1000,"displayName":"Bolthouse Farms® Biscuits Lorem","customVariables":{"Attributes.Event_applicationEnds":"Thursday, July 9"},"discussionCount":5,"likeCount":4,"forceAddressVerification":false,"sendSelectionNotification":true,"forceChildrenVerification":false,"featuredStart":null,"featuredEnd":null,"created":"2022-02-05 23:17:56","modified":"2022-11-11 04:53:56","categories":[],"community":{"id":432,"name":"Bolthouse Farms®"},"heroPlayList":{"id":8046,"autoPlay":true,"mediaUrl":null,"assets":[{"assetId":null,"basename":"Cookies.png","mimeType":"image/png","type":"Image","url":null,"thumbnailUrl":null,"hlsPlaylistUrl":"https://stg-media.ripplestreet.com/basset/dc42555766b513af37d71ea039295206/original/Cookies.png","mp4Url":null,"webmUrl":null},{"assetId":null,"basename":"FOUR STROKE.jpg","mimeType":"image/jpeg","type":"Image","url":null,"thumbnailUrl":null,"hlsPlaylistUrl":"https://stg-media.ripplestreet.com/basset/f4776ae3cc5224eb26e30c52a02458f8/original/FOUR STROKE.jpg","mp4Url":null,"webmUrl":null}]},"eventData":{"hashtag":"just","partyPackName":"Test Pack"},"partyDateRange":"November 28 - November 28","postTrailEnds":null,"numApplicants":328,"experienceDateEnds":"Wednesday, November 30","bannerUrl":null,"active":true,"virtual":false,"template":false,"listed":true,"aampp":false,"chatterbox":false,"featured":false,"discoverable":true,"ongoing":true,"adultOnly":false,"deleted":false}
java.lang.ClassCastException: class org.json.simple.JSONObject cannot be cast to class org.json.JSONObject (org.json.simple.JSONObject and org.json.JSONObject are in unnamed module of loader 'app')
	at PageObjects.RSAPI.GetEventDetailsByID(RSAPI.java:131)
	at StepDefinition.RSAPITesting.Verify_the_get_events_details_by_ID(RSAPITesting.java:39)
	at java.base/jdk.internal.reflect.NativeMethodAccessorImpl.invoke0(Native Method)
	at java.base/jdk.internal.reflect.NativeMethodAccessorImpl.invoke(NativeMethodAccessorImpl.java:78)
	at java.base/jdk.internal.reflect.DelegatingMethodAccessorImpl.invoke(DelegatingMethodAccessorImpl.java:43)
	at java.base/java.lang.reflect.Method.invoke(Method.java:567)
	at io.cucumber.java.Invoker.doInvoke(Invoker.java:66)
	at io.cucumber.java.Invoker.invoke(Invoker.java:24)
	at io.cucumber.java.AbstractGlueDefinition.invokeMethod(AbstractGlueDefinition.java:47)
	at io.cucumber.java.JavaStepDefinition.execute(JavaStepDefinition.java:29)
	at io.cucumber.core.runner.CoreStepDefinition.execute(CoreStepDefinition.java:66)
	at io.cucumber.core.runner.PickleStepDefinitionMatch.runStep(PickleStepDefinitionMatch.java:63)
	at io.cucumber.core.runner.ExecutionMode$1.execute(ExecutionMode.java:10)
	at io.cucumber.core.runner.TestStep.executeStep(TestStep.java:85)
	at io.cucumber.core.runner.TestStep.run(TestStep.java:57)
	at io.cucumber.core.runner.PickleStepTestStep.run(PickleStepTestStep.java:51)
	at io.cucumber.core.runner.TestCase.run(TestCase.java:84)
	at io.cucumber.core.runner.Runner.runPickle(Runner.java:75)
	at io.cucumber.junit.PickleRunners$NoStepDescriptions.lambda$run$0(PickleRunners.java:151)
	at io.cucumber.core.runtime.CucumberExecutionContext.lambda$runTestCase$5(CucumberExecutionContext.java:129)
	at io.cucumber.core.runtime.RethrowingThrowableCollector.executeAndThrow(RethrowingThrowableCollector.java:23)
	at io.cucumber.core.runtime.CucumberExecutionContext.runTestCase(CucumberExecutionContext.java:129)
	at io.cucumber.junit.PickleRunners$NoStepDescriptions.run(PickleRunners.java:148)
	at io.cucumber.junit.FeatureRunner.runChild(FeatureRunner.java:144)
	at io.cucumber.junit.FeatureRunner.runChild(FeatureRunner.java:28)
	at org.junit.runners.ParentRunner$4.run(ParentRunner.java:331)
	at org.junit.runners.ParentRunner$1.schedule(ParentRunner.java:79)
	at org.junit.runners.ParentRunner.runChildren(ParentRunner.java:329)
	at org.junit.runners.ParentRunner.access$100(ParentRunner.java:66)
	at org.junit.runners.ParentRunner$2.evaluate(ParentRunner.java:293)
	at org.junit.runners.ParentRunner$3.evaluate(ParentRunner.java:306)
	at org.junit.runners.ParentRunner.run(ParentRunner.java:413)
	at io.cucumber.junit.FeatureRunner.run(FeatureRunner.java:137)
	at io.cucumber.junit.Cucumber.runChild(Cucumber.java:196)
	at io.cucumber.junit.Cucumber.runChild(Cucumber.java:89)
	at org.junit.runners.ParentRunner$4.run(ParentRunner.java:331)
	at org.junit.runners.ParentRunner$1.schedule(ParentRunner.java:79)
	at org.junit.runners.ParentRunner.runChildren(ParentRunner.java:329)
	at org.junit.runners.ParentRunner.access$100(ParentRunner.java:66)
	at org.junit.runners.ParentRunner$2.evaluate(ParentRunner.java:293)
	at io.cucumber.junit.Cucumber$RunBeforeAllHooks.evaluate(Cucumber.java:266)
	at io.cucumber.junit.Cucumber$RunAfterAllHooks.evaluate(Cucumber.java:281)
	at io.cucumber.junit.Cucumber$StartTestRun.evaluate(Cucumber.java:233)
	at io.cucumber.junit.Cucumber$FinishTestRun.evaluate(Cucumber.java:248)
	at org.junit.internal.runners.statements.RunBefores.evaluate(RunBefores.java:26)
	at org.junit.internal.runners.statements.RunAfters.evaluate(RunAfters.java:27)
	at org.junit.runners.ParentRunner$3.evaluate(ParentRunner.java:306)
	at org.junit.runners.ParentRunner.run(ParentRunner.java:413)
	at org.eclipse.jdt.internal.junit4.runner.JUnit4TestReference.run(JUnit4TestReference.java:93)
	at org.eclipse.jdt.internal.junit.runner.TestExecution.run(TestExecution.java:40)
	at org.eclipse.jdt.internal.junit.runner.RemoteTestRunner.runTests(RemoteTestRunner.java:529)
	at org.eclipse.jdt.internal.junit.runner.RemoteTestRunner.runTests(RemoteTestRunner.java:756)
	at org.eclipse.jdt.internal.junit.runner.RemoteTestRunner.run(RemoteTestRunner.java:452)
	at org.eclipse.jdt.internal.junit.runner.RemoteTestRunner.main(RemoteTestRunner.java:210)
java.lang.ClassCastException: class org.json.simple.JSONObject cannot be cast to class org.json.JSONObject (org.json.simple.JSONObject and org.json.JSONObject are in unnamed module of loader 'app')
	at PageObjects.RSAPI.GetEventDetailsByID(RSAPI.java:141)
	at StepDefinition.RSAPITesting.Verify_the_get_events_details_by_ID(RSAPITesting.java:39)
	at java.base/jdk.internal.reflect.NativeMethodAccessorImpl.invoke0(Native Method)
	at java.base/jdk.internal.reflect.NativeMethodAccessorImpl.invoke(NativeMethodAccessorImpl.java:78)
	at java.base/jdk.internal.reflect.DelegatingMethodAccessorImpl.invoke(DelegatingMethodAccessorImpl.java:43)
	at java.base/java.lang.reflect.Method.invoke(Method.java:567)
	at io.cucumber.java.Invoker.doInvoke(Invoker.java:66)
	at io.cucumber.java.Invoker.invoke(Invoker.java:24)
	at io.cucumber.java.AbstractGlueDefinition.invokeMethod(AbstractGlueDefinition.java:47)
	at io.cucumber.java.JavaStepDefinition.execute(JavaStepDefinition.java:29)
	at io.cucumber.core.runner.CoreStepDefinition.execute(CoreStepDefinition.java:66)
	at io.cucumber.core.runner.PickleStepDefinitionMatch.runStep(PickleStepDefinitionMatch.java:63)
	at io.cucumber.core.runner.ExecutionMode$1.execute(ExecutionMode.java:10)
	at io.cucumber.core.runner.TestStep.executeStep(TestStep.java:85)
	at io.cucumber.core.runner.TestStep.run(TestStep.java:57)
	at io.cucumber.core.runner.PickleStepTestStep.run(PickleStepTestStep.java:51)
	at io.cucumber.core.runner.TestCase.run(TestCase.java:84)
	at io.cucumber.core.runner.Runner.runPickle(Runner.java:75)
	at io.cucumber.junit.PickleRunners$NoStepDescriptions.lambda$run$0(PickleRunners.java:151)
	at io.cucumber.core.runtime.CucumberExecutionContext.lambda$runTestCase$5(CucumberExecutionContext.java:129)
	at io.cucumber.core.runtime.RethrowingThrowableCollector.executeAndThrow(RethrowingThrowableCollector.java:23)
	at io.cucumber.core.runtime.CucumberExecutionContext.runTestCase(CucumberExecutionContext.java:129)
	at io.cucumber.junit.PickleRunners$NoStepDescriptions.run(PickleRunners.java:148)
	at io.cucumber.junit.FeatureRunner.runChild(FeatureRunner.java:144)
	at io.cucumber.junit.FeatureRunner.runChild(FeatureRunner.java:28)
	at org.junit.runners.ParentRunner$4.run(ParentRunner.java:331)
	at org.junit.runners.ParentRunner$1.schedule(ParentRunner.java:79)
	at org.junit.runners.ParentRunner.runChildren(ParentRunner.java:329)
	at org.junit.runners.ParentRunner.access$100(ParentRunner.java:66)
	at org.junit.runners.ParentRunner$2.evaluate(ParentRunner.java:293)
	at org.junit.runners.ParentRunner$3.evaluate(ParentRunner.java:306)
	at org.junit.runners.ParentRunner.run(ParentRunner.java:413)
	at io.cucumber.junit.FeatureRunner.run(FeatureRunner.java:137)
	at io.cucumber.junit.Cucumber.runChild(Cucumber.java:196)
	at io.cucumber.junit.Cucumber.runChild(Cucumber.java:89)
	at org.junit.runners.ParentRunner$4.run(ParentRunner.java:331)
	at org.junit.runners.ParentRunner$1.schedule(ParentRunner.java:79)
	at org.junit.runners.ParentRunner.runChildren(ParentRunner.java:329)
	at org.junit.runners.ParentRunner.access$100(ParentRunner.java:66)
	at org.junit.runners.ParentRunner$2.evaluate(ParentRunner.java:293)
	at io.cucumber.junit.Cucumber$RunBeforeAllHooks.evaluate(Cucumber.java:266)
	at io.cucumber.junit.Cucumber$RunAfterAllHooks.evaluate(Cucumber.java:281)
	at io.cucumber.junit.Cucumber$StartTestRun.evaluate(Cucumber.java:233)
	at io.cucumber.junit.Cucumber$FinishTestRun.evaluate(Cucumber.java:248)
	at org.junit.internal.runners.statements.RunBefores.evaluate(RunBefores.java:26)
	at org.junit.internal.runners.statements.RunAfters.evaluate(RunAfters.java:27)
	at org.junit.runners.ParentRunner$3.evaluate(ParentRunner.java:306)
	at org.junit.runners.ParentRunner.run(ParentRunner.java:413)
	at org.eclipse.jdt.internal.junit4.runner.JUnit4TestReference.run(JUnit4TestReference.java:93)
	at org.eclipse.jdt.internal.junit.runner.TestExecution.run(TestExecution.java:40)
	at org.eclipse.jdt.internal.junit.runner.RemoteTestRunner.runTests(RemoteTestRunner.java:529)
	at org.eclipse.jdt.internal.junit.runner.RemoteTestRunner.runTests(RemoteTestRunner.java:756)
	at org.eclipse.jdt.internal.junit.runner.RemoteTestRunner.run(RemoteTestRunner.java:452)
	at org.eclipse.jdt.internal.junit.runner.RemoteTestRunner.main(RemoteTestRunner.java:210)

Current_Date_Time 2022-11-24 16:38:04
____________________   RS API AUTOMATION COMPLETED  _______________________ 

Status Code of Get Event details by ID: 200
Response : {"id":1247,"languageId":1,"sponsorId":432,"sponsorName":"Bolthouse Farms®","slug":"double-chocolate-chickpea-flour-cookies","name":"Biscuits Lorem","description":"We use coockies to personalise content and ads, to provide social media features and to analyse our traffic .We also share information about your use of our site with our social media,advertising and analytics partners who may combine it with other information that you have provided to them or that they have collected from your use of their services. Another thing is  good in  health point of you. Nice one don't miss its","summary":"This website uses Cookies","website":"http://bolthouse.com","displayLimit":1000,"displayName":"Bolthouse Farms® Biscuits Lorem","customVariables":{"Attributes.Event_applicationEnds":"Thursday, July 9"},"discussionCount":5,"likeCount":4,"forceAddressVerification":false,"sendSelectionNotification":true,"forceChildrenVerification":false,"featuredStart":null,"featuredEnd":null,"created":"2022-02-05 23:17:56","modified":"2022-11-11 04:53:56","categories":[],"community":{"id":432,"name":"Bolthouse Farms®"},"heroPlayList":{"id":8046,"autoPlay":true,"mediaUrl":null,"assets":[{"assetId":null,"basename":"Cookies.png","mimeType":"image/png","type":"Image","url":null,"thumbnailUrl":null,"hlsPlaylistUrl":"https://stg-media.ripplestreet.com/basset/dc42555766b513af37d71ea039295206/original/Cookies.png","mp4Url":null,"webmUrl":null},{"assetId":null,"basename":"FOUR STROKE.jpg","mimeType":"image/jpeg","type":"Image","url":null,"thumbnailUrl":null,"hlsPlaylistUrl":"https://stg-media.ripplestreet.com/basset/f4776ae3cc5224eb26e30c52a02458f8/original/FOUR STROKE.jpg","mp4Url":null,"webmUrl":null}]},"eventData":{"hashtag":"just","partyPackName":"Test Pack"},"partyDateRange":"November 28 - November 28","postTrailEnds":null,"numApplicants":328,"experienceDateEnds":"Wednesday, November 30","bannerUrl":null,"active":true,"virtual":false,"template":false,"listed":true,"aampp":false,"chatterbox":false,"featured":false,"discoverable":true,"ongoing":true,"adultOnly":false,"deleted":false}

Current_Date_Time 2022-11-24 16:53:15
____________________   RS API AUTOMATION COMPLETED  _______________________ 
